0 info it worked if it ends with ok
1 verbose cli [ '/usr/local/bin/node',
1 verbose cli   '/usr/local/bin/npm',
1 verbose cli   'install',
1 verbose cli   '-g',
1 verbose cli   'typescript' ]
2 info using npm@2.15.9
3 info using node@v4.5.0
4 verbose install initial load of /usr/local/lib/package.json
5 verbose readDependencies loading dependencies from /usr/local/lib/package.json
6 silly cache add args [ 'typescript', null ]
7 verbose cache add spec typescript
8 silly cache add parsed spec Result {
8 silly cache add   raw: 'typescript',
8 silly cache add   scope: null,
8 silly cache add   name: 'typescript',
8 silly cache add   rawSpec: '',
8 silly cache add   spec: 'latest',
8 silly cache add   type: 'tag' }
9 silly addNamed typescript@latest
10 verbose addNamed "latest" is being treated as a dist-tag for typescript
11 info addNameTag [ 'typescript', 'latest' ]
12 silly mapToRegistry name typescript
13 silly mapToRegistry using default registry
14 silly mapToRegistry registry https://registry.npmjs.org/
15 silly mapToRegistry data Result {
15 silly mapToRegistry   raw: 'typescript',
15 silly mapToRegistry   scope: null,
15 silly mapToRegistry   name: 'typescript',
15 silly mapToRegistry   rawSpec: '',
15 silly mapToRegistry   spec: 'latest',
15 silly mapToRegistry   type: 'tag' }
16 silly mapToRegistry uri https://registry.npmjs.org/typescript
17 verbose addNameTag registry:https://registry.npmjs.org/typescript not in flight; fetching
18 verbose request uri https://registry.npmjs.org/typescript
19 verbose request no auth needed
20 info attempt registry request try #1 at 11:46:01 AM
21 verbose request id aa9f2d2484c217ff
22 verbose etag "B7DY8EMJFORW2HT95M6ZJO3TP"
23 http request GET https://registry.npmjs.org/typescript
24 http 200 https://registry.npmjs.org/typescript
25 verbose headers { server: 'CouchDB/1.5.0 (Erlang OTP/R16B03)',
25 verbose headers   etag: '"IUP04P8LDOU7ADMCEO5BN127"',
25 verbose headers   'content-type': 'application/json',
25 verbose headers   'content-encoding': 'gzip',
25 verbose headers   'cache-control': 'max-age=300',
25 verbose headers   'content-length': '65686',
25 verbose headers   'accept-ranges': 'bytes',
25 verbose headers   date: 'Fri, 02 Sep 2016 18:46:00 GMT',
25 verbose headers   via: '1.1 varnish',
25 verbose headers   age: '0',
25 verbose headers   connection: 'keep-alive',
25 verbose headers   'x-served-by': 'cache-sea1925-SEA',
25 verbose headers   'x-cache': 'HIT',
25 verbose headers   'x-cache-hits': '1',
25 verbose headers   'x-timer': 'S1472841960.608458,VS0,VE99',
25 verbose headers   vary: 'Accept-Encoding' }
26 silly get cb [ 200,
26 silly get   { server: 'CouchDB/1.5.0 (Erlang OTP/R16B03)',
26 silly get     etag: '"IUP04P8LDOU7ADMCEO5BN127"',
26 silly get     'content-type': 'application/json',
26 silly get     'content-encoding': 'gzip',
26 silly get     'cache-control': 'max-age=300',
26 silly get     'content-length': '65686',
26 silly get     'accept-ranges': 'bytes',
26 silly get     date: 'Fri, 02 Sep 2016 18:46:00 GMT',
26 silly get     via: '1.1 varnish',
26 silly get     age: '0',
26 silly get     connection: 'keep-alive',
26 silly get     'x-served-by': 'cache-sea1925-SEA',
26 silly get     'x-cache': 'HIT',
26 silly get     'x-cache-hits': '1',
26 silly get     'x-timer': 'S1472841960.608458,VS0,VE99',
26 silly get     vary: 'Accept-Encoding' } ]
27 verbose get saving typescript to /Users/kuoxin/.npm/registry.npmjs.org/typescript/.cache.json
28 verbose correctMkdir /Users/kuoxin/.npm correctMkdir not in flight; initializing
29 silly addNameTag next cb for typescript with tag latest
30 silly addNamed typescript@1.8.10
31 verbose addNamed "1.8.10" is a plain semver version for typescript
32 silly cache afterAdd typescript@1.8.10
33 verbose afterAdd /Users/kuoxin/.npm/typescript/1.8.10/package/package.json not in flight; writing
34 verbose correctMkdir /Users/kuoxin/.npm correctMkdir not in flight; initializing
35 verbose afterAdd /Users/kuoxin/.npm/typescript/1.8.10/package/package.json written
36 silly install resolved [ { name: 'typescript',
36 silly install resolved     author: { name: 'Microsoft Corp.' },
36 silly install resolved     homepage: 'http://typescriptlang.org/',
36 silly install resolved     version: '1.8.10',
36 silly install resolved     license: 'Apache-2.0',
36 silly install resolved     description: 'TypeScript is a language for application scale JavaScript development',
36 silly install resolved     keywords: [ 'TypeScript', 'Microsoft', 'compiler', 'language', 'javascript' ],
36 silly install resolved     bugs: { url: 'https://github.com/Microsoft/TypeScript/issues' },
36 silly install resolved     repository:
36 silly install resolved      { type: 'git',
36 silly install resolved        url: 'git+https://github.com/Microsoft/TypeScript.git' },
36 silly install resolved     main: './lib/typescript.js',
36 silly install resolved     typings: './lib/typescript.d.ts',
36 silly install resolved     bin: { tsc: './bin/tsc', tsserver: './bin/tsserver' },
36 silly install resolved     engines: { node: '>=0.8.0' },
36 silly install resolved     devDependencies:
36 silly install resolved      { jake: 'latest',
36 silly install resolved        mocha: '2.3.4',
36 silly install resolved        chai: 'latest',
36 silly install resolved        browserify: 'latest',
36 silly install resolved        istanbul: 'latest',
36 silly install resolved        'mocha-fivemat-progress-reporter': 'latest',
36 silly install resolved        tslint: 'next',
36 silly install resolved        typescript: 'next',
36 silly install resolved        tsd: 'latest' },
36 silly install resolved     scripts:
36 silly install resolved      { pretest: 'jake tests',
36 silly install resolved        test: 'jake runtests',
36 silly install resolved        build: 'npm run build:compiler && npm run build:tests',
36 silly install resolved        'build:compiler': 'jake local',
36 silly install resolved        'build:tests': 'jake tests',
36 silly install resolved        clean: 'jake clean',
36 silly install resolved        jake: 'jake',
36 silly install resolved        lint: 'jake lint',
36 silly install resolved        'setup-hooks': 'node scripts/link-hooks.js' },
36 silly install resolved     browser: { buffer: false, fs: false, os: false, path: false },
36 silly install resolved     gitHead: '794c57478ec2a44ee15fb3e245a4c5d2d1612375',
36 silly install resolved     _id: 'typescript@1.8.10',
36 silly install resolved     _shasum: 'b475d6e0dff0bf50f296e5ca6ef9fbb5c7320f1e',
36 silly install resolved     _from: 'typescript@latest',
36 silly install resolved     _npmVersion: '2.14.2',
36 silly install resolved     _nodeVersion: '5.9.0',
36 silly install resolved     _npmUser: { name: 'typescript', email: 'typescript@microsoft.com' },
36 silly install resolved     maintainers: [ [Object] ],
36 silly install resolved     dist:
36 silly install resolved      { shasum: 'b475d6e0dff0bf50f296e5ca6ef9fbb5c7320f1e',
36 silly install resolved        tarball: 'https://registry.npmjs.org/typescript/-/typescript-1.8.10.tgz' },
36 silly install resolved     _npmOperationalInternal:
36 silly install resolved      { host: 'packages-12-west.internal.npmjs.com',
36 silly install resolved        tmp: 'tmp/typescript-1.8.10.tgz_1460493736776_0.9304528103675693' },
36 silly install resolved     directories: {},
36 silly install resolved     _resolved: 'https://registry.npmjs.org/typescript/-/typescript-1.8.10.tgz',
36 silly install resolved     readme: 'ERROR: No README data found!' } ]
37 info install typescript@1.8.10 into /usr/local/lib
38 info installOne typescript@1.8.10
39 verbose installOne of typescript to /usr/local/lib not in flight; installing
40 verbose correctMkdir /Users/kuoxin/.npm/_locks correctMkdir not in flight; initializing
41 verbose lock using /Users/kuoxin/.npm/_locks/typescript-5355178f5d1a073f.lock for /usr/local/lib/node_modules/typescript
42 silly install write writing typescript 1.8.10 to /usr/local/lib/node_modules/typescript
43 verbose unbuild lib/node_modules/typescript
44 silly gentlyRm /usr/local/lib/node_modules/typescript is being purged from base /usr/local
45 verbose gentlyRm don't care about contents; nuking /usr/local/lib/node_modules/typescript
46 verbose tar unpack /Users/kuoxin/.npm/typescript/1.8.10/package.tgz
47 verbose tar unpacking to /usr/local/lib/node_modules/typescript
48 silly gentlyRm /usr/local/lib/node_modules/typescript is being purged
49 verbose gentlyRm don't care about contents; nuking /usr/local/lib/node_modules/typescript
50 silly gunzTarPerm modes [ '755', '644' ]
51 error tar.unpack untar error /Users/kuoxin/.npm/typescript/1.8.10/package.tgz
52 verbose unlock done using /Users/kuoxin/.npm/_locks/typescript-5355178f5d1a073f.lock for /usr/local/lib/node_modules/typescript
53 verbose fstream_path /usr/local/lib/node_modules/typescript
54 verbose fstream_type Directory
55 verbose fstream_class DirWriter
56 verbose stack Error: EACCES: permission denied, mkdir '/usr/local/lib/node_modules/typescript'
56 verbose stack     at Error (native)
57 verbose fstream_stack /usr/local/lib/node_modules/npm/node_modules/fstream/lib/dir-writer.js:35:25
57 verbose fstream_stack /usr/local/lib/node_modules/npm/node_modules/mkdirp/index.js:47:53
57 verbose fstream_stack FSReqWrap.oncomplete (fs.js:82:15)
58 verbose cwd /Users/kuoxin/angularjsStudy/angularjs_tutorial
59 error Darwin 15.6.0
60 error argv "/usr/local/bin/node" "/usr/local/bin/npm" "install" "-g" "typescript"
61 error node v4.5.0
62 error npm  v2.15.9
63 error path /usr/local/lib/node_modules/typescript
64 error code EACCES
65 error errno -13
66 error syscall mkdir
67 error Error: EACCES: permission denied, mkdir '/usr/local/lib/node_modules/typescript'
67 error     at Error (native)
67 error  { [Error: EACCES: permission denied, mkdir '/usr/local/lib/node_modules/typescript']
67 error   errno: -13,
67 error   code: 'EACCES',
67 error   syscall: 'mkdir',
67 error   path: '/usr/local/lib/node_modules/typescript',
67 error   fstream_type: 'Directory',
67 error   fstream_path: '/usr/local/lib/node_modules/typescript',
67 error   fstream_class: 'DirWriter',
67 error   fstream_stack:
67 error    [ '/usr/local/lib/node_modules/npm/node_modules/fstream/lib/dir-writer.js:35:25',
67 error      '/usr/local/lib/node_modules/npm/node_modules/mkdirp/index.js:47:53',
67 error      'FSReqWrap.oncomplete (fs.js:82:15)' ] }
68 error Please try running this command again as root/Administrator.
69 verbose exit [ -13, true ]
70 verbose unbuild lib/node_modules/typescript
71 silly gentlyRm /usr/local/lib/node_modules/typescript is being purged from base /usr/local
72 verbose gentlyRm don't care about contents; nuking /usr/local/lib/node_modules/typescript
